<?xml version="1.0" encoding="UTF-8"?>
<!-- Generated by org.testng.reporters.JUnitReportReporter -->
<testsuite hostname="DESKTOP-3E1HRJ9" failures="0" tests="2" name="tests.AddToCartTest" time="40.702" errors="0" timestamp="2022-09-06T10:31:45 EEST" skipped="0">
  <testcase classname="tests.AddToCartTest" name="addToC" time="11.897"/>
  <system-out/>
  <testcase classname="tests.AddToCartTest" name="addToCartResult" time="28.805"/>
  <system-out/>
</testsuite> <!-- tests.AddToCartTest -->
